{
  "stats": {
    "suites": 1,
    "tests": 1,
    "passes": 1,
    "pending": 0,
    "failures": 0,
    "start": "2023-05-23T11:12:02.105Z",
    "end": "2023-05-23T11:12:05.590Z",
    "duration": 3485,
    "testsRegistered": 1,
    "passPercent": 100,
    "pendingPercent": 0,
    "other": 0,
    "hasOther": false,
    "skipped": 0,
    "hasSkipped": false
  },
  "results": [
    {
      "uuid": "4be052ca-2aa7-4c95-a6f4-d4d67fef4e6e",
      "title": "",
      "fullFile": "cypress\\e2e\\iframe.cy.js",
      "file": "cypress\\e2e\\iframe.cy.js",
      "beforeHooks": [],
      "afterHooks": [],
      "tests": [],
      "suites": [
        {
          "uuid": "0d04cbad-1e05-4fd0-9995-79162204efb9",
          "title": "iframe test suite",
          "fullFile": "",
          "file": "",
          "beforeHooks": [],
          "afterHooks": [],
          "tests": [
            {
              "title": "iframe test",
              "fullTitle": "iframe test suite iframe test",
              "timedOut": null,
              "duration": 1900,
              "state": "passed",
              "speed": "fast",
              "pass": true,
              "fail": false,
              "pending": false,
              "context": null,
              "code": "_LeftSideMenuPage.default.getIframeLink().click();\ncy.frameLoaded('#iframe-checkboxes');\ncy.iframe().find('#learn-more').click();\ncy.iframe().find('#show-text').should('be.visible');",
              "err": {},
              "uuid": "892a43d0-6325-41d6-a8ac-358cfd60bff5",
              "parentUUID": "0d04cbad-1e05-4fd0-9995-79162204efb9",
              "isHook": false,
              "skipped": false
            }
          ],
          "suites": [],
          "passes": [
            "892a43d0-6325-41d6-a8ac-358cfd60bff5"
          ],
          "failures": [],
          "pending": [],
          "skipped": [],
          "duration": 1900,
          "root": false,
          "rootEmpty": false,
          "_timeout": 2000
        }
      ],
      "passes": [],
      "failures": [],
      "pending": [],
      "skipped": [],
      "duration": 0,
      "root": true,
      "rootEmpty": true,
      "_timeout": 2000
    }
  ],
  "meta": {
    "mocha": {
      "version": "7.0.1"
    },
    "mochawesome": {
      "options": {
        "quiet": false,
        "reportFilename": "mochawesome",
        "saveHtml": false,
        "saveJson": true,
        "consoleReporter": "spec",
        "useInlineDiffs": false,
        "code": true
      },
      "version": "7.1.3"
    },
    "marge": {
      "options": {
        "reportDir": "'cypress/results'",
        "overwrite": false,
        "html": false,
        "json": true
      },
      "version": "6.2.0"
    }
  }
}