{
  "stats": {
    "suites": 1,
    "tests": 1,
    "passes": 1,
    "pending": 0,
    "failures": 0,
    "start": "2023-05-23T11:11:53.454Z",
    "end": "2023-05-23T11:12:00.538Z",
    "duration": 7084,
    "testsRegistered": 1,
    "passPercent": 100,
    "pendingPercent": 0,
    "other": 0,
    "hasOther": false,
    "skipped": 0,
    "hasSkipped": false
  },
  "results": [
    {
      "uuid": "10eb06fe-264d-4fb9-b10c-537aa93963c5",
      "title": "",
      "fullFile": "cypress\\e2e\\file_upload.cy.js",
      "file": "cypress\\e2e\\file_upload.cy.js",
      "beforeHooks": [],
      "afterHooks": [],
      "tests": [],
      "suites": [
        {
          "uuid": "9dc92281-d9cc-4397-9e31-de16c1261226",
          "title": "file upload test suite",
          "fullFile": "",
          "file": "",
          "beforeHooks": [],
          "afterHooks": [],
          "tests": [
            {
              "title": "file upload",
              "fullTitle": "file upload test suite file upload",
              "timedOut": null,
              "duration": 4879,
              "state": "passed",
              "speed": "fast",
              "pass": true,
              "fail": false,
              "pending": false,
              "context": null,
              "code": "const fileName = \"images.jpg\";\n_LeftSideMenuPage.default.getFileUpload().click();\n_FileUploadPage.default.getChooseFile().selectFile('cypress/fixtures/' + fileName);\n_FileUploadPage.default.getSubmitBtn().click();\ncy.contains(`You have successfully uploaded \"${fileName}\"`).should('be.visible');",
              "err": {},
              "uuid": "f5eae61c-d0f8-43bd-a404-a5e9c516a37f",
              "parentUUID": "9dc92281-d9cc-4397-9e31-de16c1261226",
              "isHook": false,
              "skipped": false
            }
          ],
          "suites": [],
          "passes": [
            "f5eae61c-d0f8-43bd-a404-a5e9c516a37f"
          ],
          "failures": [],
          "pending": [],
          "skipped": [],
          "duration": 4879,
          "root": false,
          "rootEmpty": false,
          "_timeout": 2000
        }
      ],
      "passes": [],
      "failures": [],
      "pending": [],
      "skipped": [],
      "duration": 0,
      "root": true,
      "rootEmpty": true,
      "_timeout": 2000
    }
  ],
  "meta": {
    "mocha": {
      "version": "7.0.1"
    },
    "mochawesome": {
      "options": {
        "quiet": false,
        "reportFilename": "mochawesome",
        "saveHtml": false,
        "saveJson": true,
        "consoleReporter": "spec",
        "useInlineDiffs": false,
        "code": true
      },
      "version": "7.1.3"
    },
    "marge": {
      "options": {
        "reportDir": "'cypress/results'",
        "overwrite": false,
        "html": false,
        "json": true
      },
      "version": "6.2.0"
    }
  }
}